SF:lib\views\screens\booking\booking.dart
DA:8,2
DA:10,2
DA:11,2
DA:23,2
DA:25,2
DA:27,2
DA:36,2
DA:37,2
DA:38,0
DA:39,0
DA:40,0
DA:49,2
DA:50,4
DA:52,2
DA:63,2
DA:64,2
DA:65,2
DA:70,1
DA:71,2
DA:72,1
LF:20
LH:17
end_of_record
SF:lib\data\entity\login_response_entity.dart
DA:7,0
DA:9,0
DA:15,0
DA:20,0
DA:24,0
DA:25,0
DA:26,0
DA:29,0
DA:30,0
DA:31,0
DA:34,0
DA:35,0
DA:36,0
LF:13
LH:0
end_of_record
SF:lib\data\api\login\login_api_impl.dart
DA:8,0
DA:14,0
DA:15,0
DA:17,0
DA:18,0
DA:22,0
DA:24,0
DA:25,0
LF:8
LH:0
end_of_record
SF:lib\network\api_clinet.dart
DA:9,2
DA:10,2
DA:11,6
DA:12,6
DA:13,4
DA:14,4
DA:15,2
DA:16,2
DA:29,1
DA:40,2
DA:49,0
DA:50,0
DA:51,0
DA:54,0
DA:56,1
DA:57,1
DA:58,3
DA:59,0
DA:60,0
LF:19
LH:13
end_of_record
SF:lib\data\entity\registeration_response_entity.dart
DA:7,0
DA:9,0
DA:14,1
DA:18,0
DA:21,0
DA:22,0
DA:25,0
DA:26,0
DA:29,0
DA:30,0
LF:10
LH:1
end_of_record
SF:lib\data\api\registeration\registeration_api_impl.dart
DA:8,1
DA:18,2
DA:19,1
DA:21,1
DA:30,0
DA:32,1
LF:6
LH:5
end_of_record
SF:lib\data\storage\key_value_storage.dart
DA:4,1
LF:1
LH:1
end_of_record
SF:lib\data\storage\key_value_storage_impl.dart
DA:10,1
DA:13,0
DA:15,0
DA:18,0
DA:20,0
DA:23,1
DA:25,2
DA:27,0
DA:28,0
DA:29,0
DA:35,0
DA:37,0
DA:38,0
DA:39,0
LF:14
LH:3
end_of_record
SF:lib\utils\responsive_utils.dart
DA:4,4
DA:5,12
DA:7,4
DA:8,12
DA:10,4
DA:11,8
LF:6
LH:6
end_of_record
SF:lib\utils\theme.dart
DA:11,8
LF:1
LH:1
end_of_record
SF:lib\views\common\error_snack_bar.dart
DA:6,2
DA:7,2
DA:8,2
DA:10,2
DA:11,4
DA:18,2
DA:19,2
LF:7
LH:7
end_of_record
SF:lib\views\common\text_field_widget.dart
DA:13,4
DA:24,4
DA:25,4
DA:29,4
DA:31,4
DA:32,8
DA:34,12
DA:35,4
DA:37,4
DA:38,4
DA:43,4
DA:44,3
DA:45,9
DA:49,8
DA:50,4
DA:53,8
DA:55,8
DA:56,4
DA:57,4
DA:59,8
DA:61,4
DA:62,8
DA:65,8
DA:66,8
DA:70,8
LF:25
LH:25
end_of_record
SF:lib\views\screens\login.dart
DA:13,2
DA:15,2
DA:16,2
DA:24,2
DA:26,2
DA:28,2
DA:30,2
DA:31,2
DA:32,2
DA:34,2
DA:35,4
DA:36,2
DA:37,4
DA:43,2
DA:45,2
DA:53,0
DA:54,0
DA:55,0
DA:57,0
DA:58,0
DA:60,0
DA:62,0
DA:63,0
DA:64,0
DA:69,0
DA:70,0
DA:71,0
DA:74,0
DA:75,0
DA:77,0
DA:79,0
DA:80,0
DA:81,0
DA:86,0
DA:88,0
DA:90,0
DA:91,0
DA:96,2
DA:97,2
DA:98,4
DA:99,6
DA:100,2
DA:102,2
DA:103,2
DA:105,8
DA:107,8
DA:110,2
DA:111,2
DA:112,6
DA:113,6
DA:115,2
DA:121,2
DA:122,2
DA:124,2
DA:126,2
DA:127,6
DA:129,2
DA:131,2
DA:132,6
DA:136,2
DA:138,2
DA:140,6
DA:146,2
DA:147,6
DA:149,2
DA:153,2
DA:156,2
DA:157,6
DA:159,2
DA:162,2
DA:164,2
DA:165,2
DA:166,2
DA:170,0
DA:171,0
DA:172,0
DA:176,2
DA:178,2
DA:179,6
DA:181,2
DA:182,6
DA:184,2
DA:186,2
DA:188,4
DA:190,2
DA:192,0
DA:193,0
DA:194,0
DA:197,2
DA:198,2
DA:201,2
DA:203,6
DA:209,2
DA:210,6
DA:212,2
DA:214,2
DA:215,2
DA:217,2
DA:218,6
DA:222,2
DA:224,0
DA:225,0
DA:227,2
DA:229,2
DA:230,6
DA:231,2
LF:106
LH:76
end_of_record
SF:lib\views\screens\register.dart
DA:7,1
DA:9,1
DA:10,1
DA:16,1
DA:18,1
DA:21,1
DA:23,1
DA:24,1
DA:25,1
DA:27,1
DA:28,2
DA:29,1
DA:30,1
DA:32,1
DA:33,1
DA:39,1
DA:41,1
DA:49,0
DA:53,0
DA:54,0
DA:55,0
DA:56,0
DA:57,0
DA:58,0
DA:59,0
DA:60,0
DA:61,0
DA:62,0
DA:64,0
DA:69,1
DA:71,2
DA:72,1
DA:75,1
DA:77,1
DA:78,2
DA:81,1
DA:82,1
DA:83,2
DA:84,3
DA:85,1
DA:93,1
DA:94,1
DA:95,1
LF:43
LH:31
end_of_record
SF:lib\views\screens\register_form.dart
DA:11,4
DA:13,1
DA:14,1
DA:21,1
DA:40,1
DA:42,1
DA:43,1
DA:44,1
DA:46,1
DA:47,1
DA:49,1
DA:50,2
DA:54,3
DA:55,1
DA:59,3
DA:60,1
DA:64,3
DA:65,1
DA:69,0
DA:70,0
DA:74,3
DA:75,1
DA:79,0
DA:80,0
DA:84,3
DA:85,1
DA:89,0
DA:90,0
DA:94,3
DA:95,1
DA:99,0
DA:100,0
DA:104,1
DA:105,2
DA:107,1
DA:109,3
DA:110,1
DA:112,1
DA:114,1
DA:115,1
DA:116,1
DA:120,0
DA:121,0
DA:122,0
DA:128,3
DA:129,1
DA:130,2
DA:132,1
DA:134,1
DA:136,2
DA:138,1
DA:140,1
DA:141,2
DA:143,1
DA:155,1
DA:156,2
DA:158,1
DA:160,1
DA:161,1
DA:163,1
DA:164,2
DA:167,1
DA:169,1
DA:170,1
DA:172,1
DA:174,1
DA:175,2
DA:176,1
DA:187,1
DA:188,2
DA:189,1
DA:191,4
DA:192,2
DA:194,1
DA:196,3
DA:198,2
DA:199,1
DA:200,1
DA:201,1
DA:202,1
DA:203,1
DA:204,1
DA:206,2
DA:207,0
DA:208,0
DA:209,0
DA:213,0
DA:214,0
DA:215,0
DA:217,0
DA:218,0
DA:219,0
DA:221,0
DA:223,0
DA:227,0
DA:228,0
DA:229,0
DA:231,0
DA:237,0
DA:238,0
DA:239,0
DA:240,0
DA:247,2
DA:248,3
DA:249,1
DA:255,2
DA:256,1
LF:107
LH:77
end_of_record
SF:lib\data\entity\booking_response_entity.dart
DA:7,0
DA:9,0
DA:17,0
DA:24,0
DA:30,0
DA:31,0
DA:32,0
DA:33,0
DA:34,0
DA:37,0
DA:38,0
DA:39,0
DA:40,0
DA:41,0
DA:44,0
DA:45,0
DA:46,0
DA:47,0
DA:48,0
LF:19
LH:0
end_of_record
SF:lib\data\api\booking\booking_api_impl.dart
DA:11,0
DA:17,0
DA:18,0
DA:22,0
DA:24,0
DA:26,0
DA:28,0
DA:29,0
DA:30,0
DA:33,0
DA:35,0
DA:36,0
LF:12
LH:0
end_of_record
SF:lib\data\api\slot-release\slot-release-api-impl.dart
DA:12,1
DA:16,2
DA:17,2
DA:21,0
DA:23,0
DA:26,0
DA:27,0
DA:28,0
DA:31,0
DA:33,0
DA:34,0
LF:11
LH:3
end_of_record
SF:lib\data\entity\slot_release_response_entity.dart
DA:7,0
DA:8,0
DA:10,0
DA:11,0
DA:20,0
DA:28,0
DA:29,0
DA:30,0
DA:31,0
DA:32,0
DA:33,0
DA:34,0
DA:37,0
DA:44,0
DA:45,0
DA:46,0
DA:47,0
DA:48,0
DA:49,0
DA:52,0
DA:53,0
DA:54,0
DA:55,0
DA:56,0
DA:57,0
LF:25
LH:0
end_of_record
SF:lib\views\screens\booking\booking_widget.dart
DA:9,2
DA:13,2
DA:14,2
DA:24,0
DA:40,2
DA:42,2
DA:43,2
DA:44,2
DA:45,2
DA:56,2
DA:58,2
DA:60,4
DA:70,2
DA:77,0
DA:78,0
DA:79,0
DA:81,0
DA:82,0
DA:84,0
DA:86,0
DA:87,0
DA:88,0
DA:92,0
DA:93,0
DA:94,0
DA:96,0
DA:97,0
DA:98,0
DA:99,0
DA:100,0
DA:101,0
DA:102,0
DA:106,0
DA:109,0
DA:110,0
DA:111,0
DA:118,0
DA:121,0
DA:122,0
DA:128,2
DA:129,2
DA:131,2
DA:132,2
DA:133,6
DA:145,2
DA:146,6
DA:148,2
DA:150,2
DA:152,6
DA:156,2
DA:157,6
DA:159,2
DA:163,2
DA:166,4
DA:167,2
DA:168,2
DA:169,2
DA:170,2
DA:171,0
DA:172,0
DA:173,0
DA:176,2
DA:181,2
DA:182,2
DA:183,2
DA:187,8
DA:188,0
DA:191,2
DA:192,4
DA:194,2
DA:195,8
DA:204,2
DA:205,4
DA:212,2
DA:213,6
DA:215,2
DA:218,0
DA:219,0
DA:224,2
DA:225,6
DA:227,2
DA:228,6
DA:230,2
DA:231,2
DA:232,2
DA:235,0
DA:236,0
DA:238,2
DA:239,2
DA:241,2
DA:243,6
DA:248,2
DA:249,6
DA:255,2
DA:256,2
DA:257,2
DA:266,2
DA:267,6
DA:269,4
DA:288,0
DA:290,0
DA:291,0
DA:293,0
DA:294,0
DA:295,0
DA:306,0
DA:307,0
DA:310,0
DA:319,0
DA:320,0
DA:334,0
DA:336,0
DA:337,0
DA:350,0
DA:351,0
DA:365,0
DA:367,0
DA:368,0
LF:118
LH:64
end_of_record
SF:lib\views\screens\release\release_widget.dart
DA:15,2
DA:25,2
DA:29,1
DA:30,1
DA:37,1
DA:39,1
DA:40,1
DA:41,1
DA:42,1
DA:53,1
DA:55,1
DA:57,2
DA:67,1
DA:74,1
DA:75,2
DA:76,1
DA:78,2
DA:79,2
DA:81,1
DA:83,3
DA:84,2
DA:85,1
DA:90,2
DA:91,1
DA:94,0
DA:95,0
DA:96,0
DA:97,0
DA:98,0
DA:99,0
DA:100,0
DA:102,0
DA:103,0
DA:106,0
DA:111,0
DA:112,0
DA:113,0
DA:122,0
DA:127,1
DA:128,1
DA:130,1
DA:131,1
DA:132,3
DA:144,1
DA:145,3
DA:147,1
DA:150,2
DA:154,1
DA:155,3
DA:157,1
DA:158,3
DA:160,1
DA:161,1
DA:162,1
DA:165,1
DA:166,2
DA:168,1
DA:169,1
DA:171,1
DA:173,3
DA:178,1
DA:179,3
DA:185,1
DA:186,1
DA:188,1
DA:197,1
DA:198,2
DA:199,4
DA:200,0
DA:202,2
DA:203,1
DA:204,1
DA:205,1
DA:207,3
DA:222,0
DA:223,0
DA:224,0
DA:226,0
DA:227,0
DA:228,0
DA:240,0
DA:241,0
DA:244,0
DA:250,0
DA:251,0
DA:253,0
DA:255,0
DA:266,0
DA:267,0
DA:268,0
DA:269,0
DA:270,0
DA:271,0
DA:272,0
DA:283,0
DA:284,0
DA:286,0
DA:288,0
DA:299,0
DA:300,0
DA:301,0
DA:302,0
DA:303,0
DA:304,0
DA:305,0
DA:316,0
DA:317,0
DA:319,0
DA:321,0
DA:332,0
DA:333,0
DA:334,0
DA:344,0
DA:345,0
DA:347,0
DA:348,0
DA:362,0
DA:363,0
DA:364,0
DA:374,0
DA:375,0
DA:377,0
DA:378,0
DA:379,0
DA:381,0
DA:382,0
DA:383,0
DA:386,0
DA:387,0
DA:388,0
DA:389,0
DA:390,0
DA:392,0
DA:396,0
DA:401,0
DA:402,0
DA:403,0
DA:404,0
DA:405,0
DA:406,0
DA:407,0
DA:417,0
DA:420,0
DA:423,0
LF:144
LH:59
end_of_record
